app/build/outputs/logs/manifest-merger-debug-report.txt
-- Merging decision tree log ---
manifest
ADDED from src/main/AndroidManifest.xml:1:1-25:12
INJECTED from src/main/AndroidManifest.xml:1:1-25:12
INJECTED from src/main/AndroidManifest.xml:1:1-25:12
INJECTED from src/main/AndroidManifest.xml:1:1-25:12
MERGED from [androidx.core:core:1.12.0] AndroidManifest.xml:17:1-30:12
MERGED from [androidx.versionedparcelable:versionedparcelable:1.1.1] AndroidManifest.xml:17:1-27:12
MERGED from [androidx.interpolator:interpolator:1.0.0] AndroidManifest.xml:17:1-22:12
MERGED from [androidx.lifecycle:lifecycle-runtime:2.3.1] AndroidManifest.xml:17:1-24:12
MERGED from [androidx.arch.core:core-runtime:2.1.0] AndroidManifest.xml:17:1-24:12
MERGED from [androidx.annotation:annotation-experimental:1.3.0] AndroidManifest.xml:17:1-22:12
	package
		INJECTED from src/main/AndroidManifest.xml
	android:versionName
		ADDED from src/main/AndroidManifest.xml:3:5-30
		INJECTED from src/main/AndroidManifest.xml
	xmlns:android
		ADDED from src/main/AndroidManifest.xml:1:11-69
	android:versionCode
		ADDED from src/main/AndroidManifest.xml:2:5-28
		INJECTED from src/main/AndroidManifest.xml
uses-permission#com.android.vending.CHECK_LICENSE
ADDED from src/main/AndroidManifest.xml:5:5-73
	android:name
		ADDED from src/main/AndroidManifest.xml:5:22-70
application
ADDED from src/main/AndroidManifest.xml:7:5-23:19
INJECTED from src/main/AndroidManifest.xml:7:5-23:19
MERGED from [androidx.core:core:1.12.0] AndroidManifest.xml:28:5-89
MERGED from [androidx.core:core:1.12.0] AndroidManifest.xml:28:5-89
MERGED from [androidx.versionedparcelable:versionedparcelable:1.1.1] AndroidManifest.xml:24:5-25:19
MERGED from [androidx.versionedparcelable:versionedparcelable:1.1.1] AndroidManifest.xml:24:5-25:19
	android:extractNativeLibs
		INJECTED from src/main/AndroidManifest.xml
	android:appComponentFactory
		ADDED from [androidx.core:core:1.12.0] AndroidManifest.xml:28:18-86
	android:label
		ADDED from src/main/AndroidManifest.xml:10:9-41
	android:icon
		ADDED from src/main/AndroidManifest.xml:9:9-52
	android:allowBackup
		ADDED from src/main/AndroidManifest.xml:8:9-35
	android:theme
		ADDED from src/main/AndroidManifest.xml:11:9-40
activity#com.guidedmeditationtreks.binaural.MainActivity
ADDED from src/main/AndroidManifest.xml:12:9-22:20
	android:label
		ADDED from src/main/AndroidManifest.xml:15:13-45
	android:exported
		ADDED from src/main/AndroidManifest.xml:16:13-36
	android:configChanges
		ADDED from src/main/AndroidManifest.xml:13:13-59
	android:name
		ADDED from src/main/AndroidManifest.xml:14:13-41
intent-filter#action:name:android.intent.action.MAIN+category:name:android.intent.category.LAUNCHER
ADDED from src/main/AndroidManifest.xml:17:13-21:29
action#android.intent.action.MAIN
ADDED from src/main/AndroidManifest.xml:18:17-69
	android:name
		ADDED from src/main/AndroidManifest.xml:18:25-66
category#android.intent.category.LAUNCHER
ADDED from src/main/AndroidManifest.xml:20:17-77
	android:name
		ADDED from src/main/AndroidManifest.xml:20:27-74
uses-sdk
INJECTED from src/main/AndroidManifest.xml reason: use-sdk injection requested
INJECTED from src/main/AndroidManifest.xml
INJECTED from src/main/AndroidManifest.xml
MERGED from [androidx.core:core:1.12.0] AndroidManifest.xml:20:5-44
MERGED from [androidx.core:core:1.12.0] AndroidManifest.xml:20:5-44
MERGED from [androidx.versionedparcelable:versionedparcelable:1.1.1] AndroidManifest.xml:20:5-22:41
MERGED from [androidx.versionedparcelable:versionedparcelable:1.1.1] AndroidManifest.xml:20:5-22:41
MERGED from [androidx.interpolator:interpolator:1.0.0] AndroidManifest.xml:20:5-44
MERGED from [androidx.interpolator:interpolator:1.0.0] AndroidManifest.xml:20:5-44
MERGED from [androidx.lifecycle:lifecycle-runtime:2.3.1] AndroidManifest.xml:20:5-22:41
MERGED from [androidx.lifecycle:lifecycle-runtime:2.3.1] AndroidManifest.xml:20:5-22:41
MERGED from [androidx.arch.core:core-runtime:2.1.0] AndroidManifest.xml:20:5-22:41
MERGED from [androidx.arch.core:core-runtime:2.1.0] AndroidManifest.xml:20:5-22:41
MERGED from [androidx.annotation:annotation-experimental:1.3.0] AndroidManifest.xml:20:5-44
MERGED from [androidx.annotation:annotation-experimental:1.3.0] AndroidManifest.xml:20:5-44
	android:targetSdkVersion
		INJECTED from src/main/AndroidManifest.xml
	android:minSdkVersion
		INJECTED from src/main/AndroidManifest.xml
permission#${applicationId}.DYNAMIC_RECEIVER_NOT_EXPORTED_PERMISSION
ADDED from [androidx.core:core:1.12.0] AndroidManifest.xml:22:5-24:47
	android:protectionLevel
		ADDED from [androidx.core:core:1.12.0] AndroidManifest.xml:24:9-44
	android:name
		ADDED from [androidx.core:core:1.12.0] AndroidManifest.xml:23:9-81
permission#com.guidedmeditationtreks.binaural.DYNAMIC_RECEIVER_NOT_EXPORTED_PERMISSION
ADDED from [androidx.core:core:1.12.0] AndroidManifest.xml:22:5-24:47
	android:protectionLevel
		ADDED from [androidx.core:core:1.12.0] AndroidManifest.xml:24:9-44
	android:name
		ADDED from [androidx.core:core:1.12.0] AndroidManifest.xml:23:9-81
uses-permission#${applicationId}.DYNAMIC_RECEIVER_NOT_EXPORTED_PERMISSION
ADDED from [androidx.core:core:1.12.0] AndroidManifest.xml:26:5-97
	android:name
		ADDED from [androidx.core:core:1.12.0] AndroidManifest.xml:26:22-94
uses-permission#com.guidedmeditationtreks.binaural.DYNAMIC_RECEIVER_NOT_EXPORTED_PERMISSION
ADDED from [androidx.core:core:1.12.0] AndroidManifest.xml:26:5-97
	android:name
		ADDED from [androidx.core:core:1.12.0] AndroidManifest.xml:26:22-94